_1灯具控制系统/build/outputs/logs/manifest-merger-debug-report.txt
-- Merging decision tree log ---
manifest
ADDED from src\main\AndroidManifest.xml:3:1-55:12
	package
		ADDED from src\main\AndroidManifest.xml:4:11-37
		INJECTED from src\main\AndroidManifest.xml
		INJECTED from src\main\AndroidManifest.xml
	android:versionName
		ADDED from src\main\AndroidManifest.xml:6:11-36
		INJECTED from src\main\AndroidManifest.xml
		INJECTED from src\main\AndroidManifest.xml
	android:versionCode
		ADDED from src\main\AndroidManifest.xml:5:11-34
		INJECTED from src\main\AndroidManifest.xml
		INJECTED from src\main\AndroidManifest.xml
	xmlns:android
		ADDED from src\main\AndroidManifest.xml:3:11-69
uses-sdk
ADDED from src\main\AndroidManifest.xml:8:5-10:39
	android:targetSdkVersion
		ADDED from src\main\AndroidManifest.xml:10:9-37
		INJECTED from src\main\AndroidManifest.xml
		INJECTED from src\main\AndroidManifest.xml
	android:minSdkVersion
		ADDED from src\main\AndroidManifest.xml:9:9-34
		INJECTED from src\main\AndroidManifest.xml
		INJECTED from src\main\AndroidManifest.xml
uses-permission#android.permission.INTERNET
ADDED from src\main\AndroidManifest.xml:12:5-66
	android:name
		ADDED from src\main\AndroidManifest.xml:12:22-64
uses-permission#android.permission.CHANGE_NETWORK_STATE
ADDED from src\main\AndroidManifest.xml:14:5-95
	android:name
		ADDED from src\main\AndroidManifest.xml:14:22-76
uses-permission#android.permission.CHANGE_WIFI_STATE
ADDED from src\main\AndroidManifest.xml:15:5-92
	android:name
		ADDED from src\main\AndroidManifest.xml:15:22-73
uses-permission#android.permission.ACCESS_NETWORK_STATE
ADDED from src\main\AndroidManifest.xml:16:5-95
	android:name
		ADDED from src\main\AndroidManifest.xml:16:22-76
uses-permission#android.permission.ACCESS_WIFI_STATE
ADDED from src\main\AndroidManifest.xml:17:5-92
	android:name
		ADDED from src\main\AndroidManifest.xml:17:22-73
application
ADDED from src\main\AndroidManifest.xml:19:5-53:19
	android:label
		ADDED from src\main\AndroidManifest.xml:22:9-41
	android:allowBackup
		ADDED from src\main\AndroidManifest.xml:20:9-35
	android:icon
		ADDED from src\main\AndroidManifest.xml:21:9-38
activity#com.example.app3.MainActivity
ADDED from src\main\AndroidManifest.xml:25:9-33:20
	android:name
		ADDED from src\main\AndroidManifest.xml:25:19-47
intent-filter#android.intent.action.MAIN+android.intent.category.LAUNCHER
ADDED from src\main\AndroidManifest.xml:26:13-32:29
action#android.intent.action.MAIN
ADDED from src\main\AndroidManifest.xml:27:17-30:65
	android:windowSoftInputMode
		ADDED from src\main\AndroidManifest.xml:30:21-63
	android:theme
		ADDED from src\main\AndroidManifest.xml:29:21-58
	android:name
		ADDED from src\main\AndroidManifest.xml:28:21-62
category#android.intent.category.LAUNCHER
ADDED from src\main\AndroidManifest.xml:31:17-76
	android:name
		ADDED from src\main\AndroidManifest.xml:31:27-74
activity#com.example.app3.TreeActivity
ADDED from src\main\AndroidManifest.xml:34:9-58
	android:name
		ADDED from src\main\AndroidManifest.xml:34:19-46
activity#com.example.app3.ControllerActivity
ADDED from src\main\AndroidManifest.xml:35:9-39:67
	android:screenOrientation
		ADDED from src\main\AndroidManifest.xml:38:13-50
	android:windowSoftInputMode
		ADDED from src\main\AndroidManifest.xml:39:13-55
	android:theme
		ADDED from src\main\AndroidManifest.xml:37:13-50
	android:name
		ADDED from src\main\AndroidManifest.xml:36:13-46
activity#com.example.app3.LightActivity
ADDED from src\main\AndroidManifest.xml:40:9-43:67
	android:windowSoftInputMode
		ADDED from src\main\AndroidManifest.xml:43:13-55
	android:theme
		ADDED from src\main\AndroidManifest.xml:42:13-50
	android:name
		ADDED from src\main\AndroidManifest.xml:41:13-41
activity#com.example.app3.GroupActivity
ADDED from src\main\AndroidManifest.xml:44:9-47:67
	android:windowSoftInputMode
		ADDED from src\main\AndroidManifest.xml:47:13-55
	android:theme
		ADDED from src\main\AndroidManifest.xml:46:13-50
	android:name
		ADDED from src\main\AndroidManifest.xml:45:13-41
activity#com.example.app3.SceneActivity
ADDED from src\main\AndroidManifest.xml:48:9-51:67
	android:windowSoftInputMode
		ADDED from src\main\AndroidManifest.xml:51:13-55
	android:theme
		ADDED from src\main\AndroidManifest.xml:50:13-50
	android:name
		ADDED from src\main\AndroidManifest.xml:49:13-41